

Started GET "/" for 127.0.0.1 at 2017-07-10 15:51:08 +0530
Processing by Rails::WelcomeController#index as HTML
  Rendered /home/br/.rvm/gems/ruby-2.2.6/gems/railties-4.2.7/lib/rails/templates/rails/welcome/index.html.erb (0.8ms)
Completed 200 OK in 5ms (Views: 4.7ms | ActiveRecord: 0.0ms)


Started GET "/" for 127.0.0.1 at 2017-07-10 15:52:08 +0530
Processing by ApplicationController#angular as HTML
  Rendered layouts/application.html.erb within layouts/application (239.1ms)
Completed 200 OK in 243ms (Views: 242.5ms | ActiveRecord: 0.0ms)


Started GET "/assets/application.self-e80e8f2318043e8af94dddc2adad5a4f09739a8ebb323b3ab31cd71d45fd9113.css?body=1" for 127.0.0.1 at 2017-07-10 15:52:08 +0530


Started GET "/assets/app.self-7a55138b44bd26b881d37fcc7f7ec5cf783d974c3b30886d4944b2d1748370fb.js?body=1" for 127.0.0.1 at 2017-07-10 15:52:08 +0530


Started GET "/app.js" for 127.0.0.1 at 2017-07-10 15:52:08 +0530

ActionController::RoutingError (No route matches [GET] "/app.js"):
  actionpack (4.2.7) lib/action_dispatch/middleware/debug_exceptions.rb:21:in `call'
  web-console (2.3.0) lib/web_console/middleware.rb:28:in `block in call'
  web-console (2.3.0) lib/web_console/middleware.rb:18:in `catch'
  web-console (2.3.0) lib/web_console/middleware.rb:18:in `call'
  actionpack (4.2.7) lib/action_dispatch/middleware/show_exceptions.rb:30:in `call'
  railties (4.2.7) lib/rails/rack/logger.rb:38:in `call_app'
  railties (4.2.7) lib/rails/rack/logger.rb:20:in `block in call'
  activesupport (4.2.7) lib/active_support/tagged_logging.rb:68:in `block in tagged'
  activesupport (4.2.7) lib/active_support/tagged_logging.rb:26:in `tagged'
  activesupport (4.2.7) lib/active_support/tagged_logging.rb:68:in `tagged'
  railties (4.2.7) lib/rails/rack/logger.rb:20:in `call'
  actionpack (4.2.7) lib/action_dispatch/middleware/request_id.rb:21:in `call'
  rack (1.6.8) lib/rack/methodoverride.rb:22:in `call'
  rack (1.6.8) lib/rack/runtime.rb:18:in `call'
  activesupport (4.2.7) lib/active_support/cache/strategy/local_cache_middleware.rb:28:in `call'
  rack (1.6.8) lib/rack/lock.rb:17:in `call'
  actionpack (4.2.7) lib/action_dispatch/middleware/static.rb:120:in `call'
  rack (1.6.8) lib/rack/sendfile.rb:113:in `call'
  railties (4.2.7) lib/rails/engine.rb:518:in `call'
  railties (4.2.7) lib/rails/application.rb:165:in `call'
  rack (1.6.8) lib/rack/lock.rb:17:in `call'
  rack (1.6.8) lib/rack/content_length.rb:15:in `call'
  rack (1.6.8) lib/rack/handler/webrick.rb:88:in `service'
  /home/br/.rvm/rubies/ruby-2.2.6/lib/ruby/2.2.0/webrick/httpserver.rb:138:in `service'
  /home/br/.rvm/rubies/ruby-2.2.6/lib/ruby/2.2.0/webrick/httpserver.rb:94:in `run'
  /home/br/.rvm/rubies/ruby-2.2.6/lib/ruby/2.2.0/webrick/server.rb:294:in `block in start_thread'


  Rendered /home/br/.rvm/gems/ruby-2.2.6/gems/actionpack-4.2.7/lib/action_dispatch/middleware/templates/rescues/_trace.html.erb (1.0ms)
  Rendered /home/br/.rvm/gems/ruby-2.2.6/gems/actionpack-4.2.7/lib/action_dispatch/middleware/templates/routes/_route.html.erb (0.7ms)
  Rendered /home/br/.rvm/gems/ruby-2.2.6/gems/actionpack-4.2.7/lib/action_dispatch/middleware/templates/routes/_table.html.erb (10.2ms)
  Rendered /home/br/.rvm/gems/ruby-2.2.6/gems/actionpack-4.2.7/lib/action_dispatch/middleware/templates/rescues/_request_and_response.html.erb (1.4ms)
  Rendered /home/br/.rvm/gems/ruby-2.2.6/gems/actionpack-4.2.7/lib/action_dispatch/middleware/templates/rescues/routing_error.html.erb within rescues/layout (31.3ms)
  Rendered /home/br/.rvm/gems/ruby-2.2.6/gems/web-console-2.3.0/lib/web_console/templates/_markup.html.erb (0.4ms)
  Rendered /home/br/.rvm/gems/ruby-2.2.6/gems/web-console-2.3.0/lib/web_console/templates/_inner_console_markup.html.erb within layouts/inlined_string (0.2ms)
  Rendered /home/br/.rvm/gems/ruby-2.2.6/gems/web-console-2.3.0/lib/web_console/templates/_prompt_box_markup.html.erb within layouts/inlined_string (0.2ms)
  Rendered /home/br/.rvm/gems/ruby-2.2.6/gems/web-console-2.3.0/lib/web_console/templates/style.css.erb within layouts/inlined_string (0.7ms)
  Rendered /home/br/.rvm/gems/ruby-2.2.6/gems/web-console-2.3.0/lib/web_console/templates/console.js.erb within layouts/javascript (13.2ms)
  Rendered /home/br/.rvm/gems/ruby-2.2.6/gems/web-console-2.3.0/lib/web_console/templates/main.js.erb within layouts/javascript (0.2ms)
  Rendered /home/br/.rvm/gems/ruby-2.2.6/gems/web-console-2.3.0/lib/web_console/templates/error_page.js.erb within layouts/javascript (0.2ms)
  Rendered /home/br/.rvm/gems/ruby-2.2.6/gems/web-console-2.3.0/lib/web_console/templates/index.html.erb (23.7ms)


Started GET "/assets/application.self-e3b0c44298fc1c149afbf4c8996fb92427ae41e4649b934ca495991b7852b855.js?body=1" for 127.0.0.1 at 2017-07-10 15:52:08 +0530


Started GET "/app.js" for 127.0.0.1 at 2017-07-10 15:52:08 +0530

ActionController::RoutingError (No route matches [GET] "/app.js"):
  actionpack (4.2.7) lib/action_dispatch/middleware/debug_exceptions.rb:21:in `call'
  web-console (2.3.0) lib/web_console/middleware.rb:28:in `block in call'
  web-console (2.3.0) lib/web_console/middleware.rb:18:in `catch'
  web-console (2.3.0) lib/web_console/middleware.rb:18:in `call'
  actionpack (4.2.7) lib/action_dispatch/middleware/show_exceptions.rb:30:in `call'
  railties (4.2.7) lib/rails/rack/logger.rb:38:in `call_app'
  railties (4.2.7) lib/rails/rack/logger.rb:20:in `block in call'
  activesupport (4.2.7) lib/active_support/tagged_logging.rb:68:in `block in tagged'
  activesupport (4.2.7) lib/active_support/tagged_logging.rb:26:in `tagged'
  activesupport (4.2.7) lib/active_support/tagged_logging.rb:68:in `tagged'
  railties (4.2.7) lib/rails/rack/logger.rb:20:in `call'
  actionpack (4.2.7) lib/action_dispatch/middleware/request_id.rb:21:in `call'
  rack (1.6.8) lib/rack/methodoverride.rb:22:in `call'
  rack (1.6.8) lib/rack/runtime.rb:18:in `call'
  activesupport (4.2.7) lib/active_support/cache/strategy/local_cache_middleware.rb:28:in `call'
  rack (1.6.8) lib/rack/lock.rb:17:in `call'
  actionpack (4.2.7) lib/action_dispatch/middleware/static.rb:120:in `call'
  rack (1.6.8) lib/rack/sendfile.rb:113:in `call'
  railties (4.2.7) lib/rails/engine.rb:518:in `call'
  railties (4.2.7) lib/rails/application.rb:165:in `call'
  rack (1.6.8) lib/rack/lock.rb:17:in `call'
  rack (1.6.8) lib/rack/content_length.rb:15:in `call'
  rack (1.6.8) lib/rack/handler/webrick.rb:88:in `service'
  /home/br/.rvm/rubies/ruby-2.2.6/lib/ruby/2.2.0/webrick/httpserver.rb:138:in `service'
  /home/br/.rvm/rubies/ruby-2.2.6/lib/ruby/2.2.0/webrick/httpserver.rb:94:in `run'
  /home/br/.rvm/rubies/ruby-2.2.6/lib/ruby/2.2.0/webrick/server.rb:294:in `block in start_thread'


  Rendered /home/br/.rvm/gems/ruby-2.2.6/gems/actionpack-4.2.7/lib/action_dispatch/middleware/templates/rescues/_trace.html.erb (1.4ms)
  Rendered /home/br/.rvm/gems/ruby-2.2.6/gems/actionpack-4.2.7/lib/action_dispatch/middleware/templates/routes/_route.html.erb (0.5ms)
  Rendered /home/br/.rvm/gems/ruby-2.2.6/gems/actionpack-4.2.7/lib/action_dispatch/middleware/templates/routes/_table.html.erb (0.8ms)
  Rendered /home/br/.rvm/gems/ruby-2.2.6/gems/actionpack-4.2.7/lib/action_dispatch/middleware/templates/rescues/_request_and_response.html.erb (0.8ms)
  Rendered /home/br/.rvm/gems/ruby-2.2.6/gems/actionpack-4.2.7/lib/action_dispatch/middleware/templates/rescues/routing_error.html.erb within rescues/layout (15.5ms)
  Rendered /home/br/.rvm/gems/ruby-2.2.6/gems/web-console-2.3.0/lib/web_console/templates/_markup.html.erb (0.7ms)
  Rendered /home/br/.rvm/gems/ruby-2.2.6/gems/web-console-2.3.0/lib/web_console/templates/_inner_console_markup.html.erb within layouts/inlined_string (0.3ms)
  Rendered /home/br/.rvm/gems/ruby-2.2.6/gems/web-console-2.3.0/lib/web_console/templates/_prompt_box_markup.html.erb within layouts/inlined_string (0.3ms)
  Rendered /home/br/.rvm/gems/ruby-2.2.6/gems/web-console-2.3.0/lib/web_console/templates/style.css.erb within layouts/inlined_string (0.3ms)
  Rendered /home/br/.rvm/gems/ruby-2.2.6/gems/web-console-2.3.0/lib/web_console/templates/console.js.erb within layouts/javascript (32.4ms)
  Rendered /home/br/.rvm/gems/ruby-2.2.6/gems/web-console-2.3.0/lib/web_console/templates/main.js.erb within layouts/javascript (0.2ms)
  Rendered /home/br/.rvm/gems/ruby-2.2.6/gems/web-console-2.3.0/lib/web_console/templates/error_page.js.erb within layouts/javascript (0.6ms)
  Rendered /home/br/.rvm/gems/ruby-2.2.6/gems/web-console-2.3.0/lib/web_console/templates/index.html.erb (45.1ms)


Started GET "/" for 127.0.0.1 at 2017-07-10 16:28:48 +0530
Processing by ApplicationController#angular as HTML
  Rendered layouts/application.html.erb within layouts/application (228.3ms)
Completed 200 OK in 234ms (Views: 233.6ms | ActiveRecord: 0.0ms)
